%!Adobe-FontList 1.16
%Locale:0x409

%BeginFont
Handler:DirectoryHandler
FontType:TrueType
FontName:Cachet-Bold
FamilyName:Cachet Bold
StyleName:Regular
FullName:Cachet Bold Regular
MenuName:Cachet Bold
StyleBits:2
WritingScript:Roman
OutlineFileName:C:\Users\bobbyc\Documents\GitHub\SWIM\Pool Schedule\HKY\2017\1.1-1.26-2017_INDOOR_Pool-Schedule-HKY Folder\Document fonts\cachet-bold-webfont.ttf
DataFormat:sfntData
FileLength:44520
FileModTime:1445604815
WeightClass:700
WidthClass:5
AngleClass:0
NameArray:0,Win,1,Cachet Bold
%EndFont

%BeginFont
Handler:DirectoryHandler
FontType:TrueType
FontName:Cachet-Book
FamilyName:Cachet Book
StyleName:Regular
FullName:Cachet Book Regular
MenuName:Cachet Book
StyleBits:0
WritingScript:Roman
OutlineFileName:C:\Users\bobbyc\Documents\GitHub\SWIM\Pool Schedule\HKY\2017\1.1-1.26-2017_INDOOR_Pool-Schedule-HKY Folder\Document fonts\cachet-book-webfont.ttf
DataFormat:sfntData
FileLength:49876
FileModTime:1445604818
WeightClass:400
WidthClass:5
AngleClass:0
NameArray:0,Win,1,Cachet Book
%EndFont

