%!Adobe-FontList 1.16
%Locale:0x409

%BeginFont
Handler:DirectoryHandler
FontType:TrueType
FontName:Cachet-Bold
FamilyName:Cachet Bold
StyleName:Regular
FullName:Cachet Bold Regular
MenuName:Cachet Bold
StyleBits:2
WritingScript:Roman
OutlineFileName:C:\Users\bobbyc\Documents\GitHub\SWIM\Pool Schedule\SHFD\2017\2.27-3.31-2017_INDOOR_Pool-Schedule-SHFRD Folder\Document fonts\cachet-bold-webfont.ttf
DataFormat:sfntData
FileLength:44520
FileModTime:1445604815
WeightClass:700
WidthClass:5
AngleClass:0
NameArray:0,Win,1,Cachet Bold
%EndFont

%BeginFont
Handler:DirectoryHandler
FontType:TrueType
FontName:Cachet-Book
FamilyName:Cachet Book
StyleName:Regular
FullName:Cachet Book Regular
MenuName:Cachet Book
StyleBits:0
WritingScript:Roman
OutlineFileName:C:\Users\bobbyc\Documents\GitHub\SWIM\Pool Schedule\SHFD\2017\2.27-3.31-2017_INDOOR_Pool-Schedule-SHFRD Folder\Document fonts\cachet-book-webfont.ttf
DataFormat:sfntData
FileLength:49876
FileModTime:1445604818
WeightClass:400
WidthClass:5
AngleClass:0
NameArray:0,Win,1,Cachet Book
%EndFont

%BeginFont
Handler:DirectoryHandler
FontType:Type1
FontName:MinionPro-Regular
FamilyName:Minion Pro
StyleName:Regular
FullName:Minion Pro
MenuName:Minion Pro
StyleBits:0
WritingScript:Roman
OutlineFileName:C:\Users\bobbyc\Documents\GitHub\SWIM\Pool Schedule\SHFD\2017\2.27-3.31-2017_INDOOR_Pool-Schedule-SHFRD Folder\Document fonts\MinionPro-Regular.otf
DataFormat:sfntData
UsesStandardEncoding:yes
isCFF:yes
FileLength:218640
FileModTime:1361546180
WeightClass:400
WidthClass:5
AngleClass:0
DesignSize:110
NameArray:0,Mac,4,Minion Pro
NameArray:0,Win,1,Minion Pro
%EndFont

